2019-11-13T16:24:52+00:00 DEBUG 
====Stripe Version: 4.3.0====
====Start Log====
Keys are not set correctly.
====End Log====


2019-11-13T16:25:19+00:00 DEBUG 
====Stripe Version: 4.3.0====
====Start Log====
Keys are not set correctly.
====End Log====


2019-11-13T16:26:23+00:00 DEBUG 
====Stripe Version: 4.3.0====
====Start Log====
Keys are not set correctly.
====End Log====


2019-11-13T17:49:04+00:00 DEBUG 
====Stripe Version: 4.3.0====
====Start Log====
Keys are not set correctly.
====End Log====


2019-11-13T17:49:09+00:00 DEBUG 
====Stripe Version: 4.3.0====
====Start Log====
Keys are not set correctly.
====End Log====


2019-11-13T17:49:21+00:00 DEBUG 
====Stripe Version: 4.3.0====
====Start Log====
Keys are not set correctly.
====End Log====


2019-11-13T17:50:02+00:00 DEBUG 
====Stripe Version: 4.3.0====
====Start Log====
Keys are not set correctly.
====End Log====


2019-11-13T17:50:21+00:00 DEBUG 
====Stripe Version: 4.3.0====
====Start Log====
Keys are not set correctly.
====End Log====


