2019-11-20T05:48:06+00:00 DEBUG 
====Stripe Version: 4.3.0====
====Start Log====
Keys are not set correctly.
====End Log====


2019-11-20T05:52:41+00:00 DEBUG 
====Stripe Version: 4.3.0====
====Start Log====
Keys are not set correctly.
====End Log====


2019-11-20T05:54:49+00:00 DEBUG 
====Stripe Version: 4.3.0====
====Start Log====
Keys are not set correctly.
====End Log====


2019-11-20T05:55:07+00:00 DEBUG 
====Stripe Version: 4.3.0====
====Start Log====
Keys are not set correctly.
====End Log====


2019-11-20T05:55:46+00:00 DEBUG 
====Stripe Version: 4.3.0====
====Start Log====
Keys are not set correctly.
====End Log====


2019-11-20T06:03:15+00:00 DEBUG 
====Stripe Version: 4.3.0====
====Start Log====
Keys are not set correctly.
====End Log====


2019-11-20T08:38:12+00:00 DEBUG 
====Stripe Version: 4.3.0====
====Start Log====
Keys are not set correctly.
====End Log====


2019-11-20T23:55:36+00:00 DEBUG 
====Stripe Version: 4.3.0====
====Start Log====
Keys are not set correctly.
====End Log====


2019-11-20T23:55:54+00:00 DEBUG 
====Stripe Version: 4.3.0====
====Start Log====
Keys are not set correctly.
====End Log====


2019-11-20T23:56:07+00:00 DEBUG 
====Stripe Version: 4.3.0====
====Start Log====
Keys are not set correctly.
====End Log====


2019-11-20T23:56:15+00:00 DEBUG 
====Stripe Version: 4.3.0====
====Start Log====
Keys are not set correctly.
====End Log====


2019-11-20T23:56:52+00:00 DEBUG 
====Stripe Version: 4.3.0====
====Start Log====
Keys are not set correctly.
====End Log====


2019-11-20T23:57:57+00:00 DEBUG 
====Stripe Version: 4.3.0====
====Start Log====
Keys are not set correctly.
====End Log====


2019-11-20T23:58:04+00:00 DEBUG 
====Stripe Version: 4.3.0====
====Start Log====
Keys are not set correctly.
====End Log====


2019-11-20T23:58:35+00:00 DEBUG 
====Stripe Version: 4.3.0====
====Start Log====
Keys are not set correctly.
====End Log====


2019-11-20T23:58:45+00:00 DEBUG 
====Stripe Version: 4.3.0====
====Start Log====
Keys are not set correctly.
====End Log====


