2019-11-19T07:36:40+00:00 DEBUG 
====Stripe Version: 4.3.0====
====Start Log====
Keys are not set correctly.
====End Log====


2019-11-19T07:37:40+00:00 DEBUG 
====Stripe Version: 4.3.0====
====Start Log====
Keys are not set correctly.
====End Log====


2019-11-19T07:37:49+00:00 DEBUG 
====Stripe Version: 4.3.0====
====Start Log====
Keys are not set correctly.
====End Log====


2019-11-19T07:37:53+00:00 DEBUG 
====Stripe Version: 4.3.0====
====Start Log====
Keys are not set correctly.
====End Log====


2019-11-19T07:38:05+00:00 DEBUG 
====Stripe Version: 4.3.0====
====Start Log====
Keys are not set correctly.
====End Log====


2019-11-19T07:39:24+00:00 DEBUG 
====Stripe Version: 4.3.0====
====Start Log====
Keys are not set correctly.
====End Log====


2019-11-19T07:42:46+00:00 DEBUG 
====Stripe Version: 4.3.0====
====Start Log====
Keys are not set correctly.
====End Log====


2019-11-19T07:47:23+00:00 DEBUG 
====Stripe Version: 4.3.0====
====Start Log====
Keys are not set correctly.
====End Log====


2019-11-19T07:48:24+00:00 DEBUG 
====Stripe Version: 4.3.0====
====Start Log====
Keys are not set correctly.
====End Log====


2019-11-19T07:50:15+00:00 DEBUG 
====Stripe Version: 4.3.0====
====Start Log====
Keys are not set correctly.
====End Log====


2019-11-19T07:51:15+00:00 DEBUG 
====Stripe Version: 4.3.0====
====Start Log====
Keys are not set correctly.
====End Log====


2019-11-19T07:53:36+00:00 DEBUG 
====Stripe Version: 4.3.0====
====Start Log====
Keys are not set correctly.
====End Log====


2019-11-19T07:56:00+00:00 DEBUG 
====Stripe Version: 4.3.0====
====Start Log====
Keys are not set correctly.
====End Log====


2019-11-19T07:59:12+00:00 DEBUG 
====Stripe Version: 4.3.0====
====Start Log====
Keys are not set correctly.
====End Log====


2019-11-19T07:59:21+00:00 DEBUG 
====Stripe Version: 4.3.0====
====Start Log====
Keys are not set correctly.
====End Log====


2019-11-19T07:59:35+00:00 DEBUG 
====Stripe Version: 4.3.0====
====Start Log====
Keys are not set correctly.
====End Log====


2019-11-19T07:59:39+00:00 DEBUG 
====Stripe Version: 4.3.0====
====Start Log====
Keys are not set correctly.
====End Log====


2019-11-19T07:59:56+00:00 DEBUG 
====Stripe Version: 4.3.0====
====Start Log====
Keys are not set correctly.
====End Log====


2019-11-19T08:01:21+00:00 DEBUG 
====Stripe Version: 4.3.0====
====Start Log====
Keys are not set correctly.
====End Log====


2019-11-19T08:05:19+00:00 DEBUG 
====Stripe Version: 4.3.0====
====Start Log====
Keys are not set correctly.
====End Log====


2019-11-19T08:05:44+00:00 DEBUG 
====Stripe Version: 4.3.0====
====Start Log====
Keys are not set correctly.
====End Log====


2019-11-19T08:06:11+00:00 DEBUG 
====Stripe Version: 4.3.0====
====Start Log====
Keys are not set correctly.
====End Log====


2019-11-19T08:07:37+00:00 DEBUG 
====Stripe Version: 4.3.0====
====Start Log====
Keys are not set correctly.
====End Log====


2019-11-19T08:08:37+00:00 DEBUG 
====Stripe Version: 4.3.0====
====Start Log====
Keys are not set correctly.
====End Log====


2019-11-19T08:09:16+00:00 DEBUG 
====Stripe Version: 4.3.0====
====Start Log====
Keys are not set correctly.
====End Log====


2019-11-19T08:10:15+00:00 DEBUG 
====Stripe Version: 4.3.0====
====Start Log====
Keys are not set correctly.
====End Log====


2019-11-19T08:11:46+00:00 DEBUG 
====Stripe Version: 4.3.0====
====Start Log====
Keys are not set correctly.
====End Log====


2019-11-19T08:11:54+00:00 DEBUG 
====Stripe Version: 4.3.0====
====Start Log====
Keys are not set correctly.
====End Log====


2019-11-19T08:12:49+00:00 DEBUG 
====Stripe Version: 4.3.0====
====Start Log====
Keys are not set correctly.
====End Log====


2019-11-19T08:13:19+00:00 DEBUG 
====Stripe Version: 4.3.0====
====Start Log====
Keys are not set correctly.
====End Log====


2019-11-19T08:13:36+00:00 DEBUG 
====Stripe Version: 4.3.0====
====Start Log====
Keys are not set correctly.
====End Log====


2019-11-19T08:17:14+00:00 DEBUG 
====Stripe Version: 4.3.0====
====Start Log====
Keys are not set correctly.
====End Log====


2019-11-19T08:17:15+00:00 DEBUG 
====Stripe Version: 4.3.0====
====Start Log====
Keys are not set correctly.
====End Log====


2019-11-19T08:19:08+00:00 DEBUG 
====Stripe Version: 4.3.0====
====Start Log====
Keys are not set correctly.
====End Log====


2019-11-19T08:23:48+00:00 DEBUG 
====Stripe Version: 4.3.0====
====Start Log====
Keys are not set correctly.
====End Log====


2019-11-19T08:26:35+00:00 DEBUG 
====Stripe Version: 4.3.0====
====Start Log====
Keys are not set correctly.
====End Log====


2019-11-19T08:27:16+00:00 DEBUG 
====Stripe Version: 4.3.0====
====Start Log====
Keys are not set correctly.
====End Log====


2019-11-19T08:27:38+00:00 DEBUG 
====Stripe Version: 4.3.0====
====Start Log====
Keys are not set correctly.
====End Log====


2019-11-19T08:30:16+00:00 DEBUG 
====Stripe Version: 4.3.0====
====Start Log====
Keys are not set correctly.
====End Log====


2019-11-19T08:30:38+00:00 DEBUG 
====Stripe Version: 4.3.0====
====Start Log====
Keys are not set correctly.
====End Log====


2019-11-19T08:35:25+00:00 DEBUG 
====Stripe Version: 4.3.0====
====Start Log====
Keys are not set correctly.
====End Log====


2019-11-19T08:36:39+00:00 DEBUG 
====Stripe Version: 4.3.0====
====Start Log====
Keys are not set correctly.
====End Log====


2019-11-19T08:37:04+00:00 DEBUG 
====Stripe Version: 4.3.0====
====Start Log====
Keys are not set correctly.
====End Log====


2019-11-19T08:37:22+00:00 DEBUG 
====Stripe Version: 4.3.0====
====Start Log====
Keys are not set correctly.
====End Log====


2019-11-19T08:38:55+00:00 DEBUG 
====Stripe Version: 4.3.0====
====Start Log====
Keys are not set correctly.
====End Log====


2019-11-19T08:40:21+00:00 DEBUG 
====Stripe Version: 4.3.0====
====Start Log====
Keys are not set correctly.
====End Log====


2019-11-19T08:40:35+00:00 DEBUG 
====Stripe Version: 4.3.0====
====Start Log====
Keys are not set correctly.
====End Log====


2019-11-19T08:41:02+00:00 DEBUG 
====Stripe Version: 4.3.0====
====Start Log====
Keys are not set correctly.
====End Log====


2019-11-19T08:41:45+00:00 DEBUG 
====Stripe Version: 4.3.0====
====Start Log====
Keys are not set correctly.
====End Log====


2019-11-19T08:47:24+00:00 DEBUG 
====Stripe Version: 4.3.0====
====Start Log====
Keys are not set correctly.
====End Log====


2019-11-19T12:37:17+00:00 DEBUG 
====Stripe Version: 4.3.0====
====Start Log====
Keys are not set correctly.
====End Log====


2019-11-19T12:37:50+00:00 DEBUG 
====Stripe Version: 4.3.0====
====Start Log====
Keys are not set correctly.
====End Log====


2019-11-19T12:38:03+00:00 DEBUG 
====Stripe Version: 4.3.0====
====Start Log====
Keys are not set correctly.
====End Log====


2019-11-19T13:45:24+00:00 DEBUG 
====Stripe Version: 4.3.0====
====Start Log====
Keys are not set correctly.
====End Log====


2019-11-19T18:43:24+00:00 DEBUG 
====Stripe Version: 4.3.0====
====Start Log====
Keys are not set correctly.
====End Log====


2019-11-19T18:43:40+00:00 DEBUG 
====Stripe Version: 4.3.0====
====Start Log====
Keys are not set correctly.
====End Log====


2019-11-19T19:13:55+00:00 DEBUG 
====Stripe Version: 4.3.0====
====Start Log====
Keys are not set correctly.
====End Log====


2019-11-19T23:09:12+00:00 DEBUG 
====Stripe Version: 4.3.0====
====Start Log====
Keys are not set correctly.
====End Log====


