2019-11-24T10:14:41+00:00 DEBUG 
====Stripe Version: 4.3.0====
====Start Log====
Keys are not set correctly.
====End Log====


2019-11-24T15:09:53+00:00 DEBUG 
====Stripe Version: 4.3.0====
====Start Log====
Error: Unable to verify domain - missing secret key.
====End Log====


2019-11-24T15:15:16+00:00 DEBUG 
====Stripe Version: 4.3.0====
====Start Log====
Keys are not set correctly.
====End Log====


2019-11-24T20:27:07+00:00 DEBUG 
====Stripe Version: 4.3.0====
====Start Log====
Keys are not set correctly.
====End Log====


2019-11-24T20:27:21+00:00 DEBUG 
====Stripe Version: 4.3.0====
====Start Log====
Keys are not set correctly.
====End Log====


2019-11-24T20:27:26+00:00 DEBUG 
====Stripe Version: 4.3.0====
====Start Log====
Keys are not set correctly.
====End Log====


2019-11-24T20:27:28+00:00 DEBUG 
====Stripe Version: 4.3.0====
====Start Log====
Keys are not set correctly.
====End Log====


2019-11-24T20:27:54+00:00 DEBUG 
====Stripe Version: 4.3.0====
====Start Log====
Keys are not set correctly.
====End Log====


2019-11-24T20:29:56+00:00 DEBUG 
====Stripe Version: 4.3.0====
====Start Log====
Keys are not set correctly.
====End Log====


2019-11-24T20:33:44+00:00 DEBUG 
====Stripe Version: 4.3.0====
====Start Log====
Keys are not set correctly.
====End Log====


2019-11-24T20:35:33+00:00 DEBUG 
====Stripe Version: 4.3.0====
====Start Log====
Keys are not set correctly.
====End Log====


2019-11-24T20:35:44+00:00 DEBUG 
====Stripe Version: 4.3.0====
====Start Log====
Keys are not set correctly.
====End Log====


2019-11-24T20:45:41+00:00 DEBUG 
====Stripe Version: 4.3.0====
====Start Log====
Error: Unable to verify domain - missing secret key.
====End Log====


2019-11-24T20:48:47+00:00 DEBUG 
====Stripe Version: 4.3.0====
====Start Log====
Error: Unable to verify domain - missing secret key.
====End Log====


