2019-11-21T00:00:07+00:00 DEBUG 
====Stripe Version: 4.3.0====
====Start Log====
Keys are not set correctly.
====End Log====


2019-11-21T00:00:12+00:00 DEBUG 
====Stripe Version: 4.3.0====
====Start Log====
Keys are not set correctly.
====End Log====


2019-11-21T00:00:13+00:00 DEBUG 
====Stripe Version: 4.3.0====
====Start Log====
Keys are not set correctly.
====End Log====


2019-11-21T17:53:34+00:00 DEBUG 
====Stripe Version: 4.3.0====
====Start Log====
Keys are not set correctly.
====End Log====


